#
# There is insufficient memory for the Java Runtime Environment to continue.
# Native memory allocation (malloc) failed to allocate 581616 bytes for Chunk::new
# Possible reasons:
#   The system is out of physical RAM or swap space
#   In 32 bit mode, the process size limit was hit
# Possible solutions:
#   Reduce memory load on the system
#   Increase physical memory or swap space
#   Check if swap backing store is full
#   Use 64 bit Java on a 64 bit OS
#   Decrease Java heap size (-Xmx/-Xms)
#   Decrease number of Java threads
#   Decrease Java thread stack sizes (-Xss)
#   Set larger code cache with -XX:ReservedCodeCacheSize=
# This output file may be truncated or incomplete.
#
#  Out of Memory Error (allocation.cpp:323), pid=10044, tid=8568
#
# JRE version: Java(TM) SE Runtime Environment (7.0_71-b14) (build 1.7.0_71-b14)
# Java VM: Java HotSpot(TM) 64-Bit Server VM (24.71-b01 mixed mode windows-amd64 compressed oops)
# Failed to write core dump. Minidumps are not enabled by default on client versions of Windows
#

---------------  T H R E A D  ---------------

Current thread (0x000000000824c000):  JavaThread "C2 CompilerThread0" daemon [_thread_in_native, id=8568, stack(0x0000000009c80000,0x0000000009d80000)]

Stack: [0x0000000009c80000,0x0000000009d80000]
[error occurred during error reporting (printing stack bounds), id 0xc0000005]


[error occurred during error reporting (printing native stack), id 0xc0000005]


Current CompileTask:
C2:   4771  197             com.android.dx.ssa.SCCP::simulateBranch (666 bytes)


---------------  P R O C E S S  ---------------

Java Threads: ( => current thread )
  0x000000000a1a9800 JavaThread "pool-1-thread-4" [_thread_blocked, id=9456, stack(0x000000000a9f0000,0x000000000aaf0000)]
  0x000000000a1a8800 JavaThread "pool-1-thread-3" [_thread_blocked, id=5132, stack(0x000000000a8c0000,0x000000000a9c0000)]
  0x000000000a1a6800 JavaThread "pool-1-thread-2" [_thread_blocked, id=8812, stack(0x0000000009d90000,0x0000000009e90000)]
  0x000000000a099000 JavaThread "pool-2-thread-1" [_thread_in_vm_trans, id=4776, stack(0x000000000a7a0000,0x000000000a8a0000)]
  0x000000000a1de000 JavaThread "pool-1-thread-1" [_thread_in_Java, id=6296, stack(0x000000000a660000,0x000000000a760000)]
  0x000000000824f000 JavaThread "Service Thread" daemon [_thread_blocked, id=8500, stack(0x0000000009ea0000,0x0000000009fa0000)]
  0x000000000824e000 JavaThread "C2 CompilerThread1" daemon [_thread_in_native, id=2172, stack(0x0000000009b70000,0x0000000009c70000)]
=>0x000000000824c000 JavaThread "C2 CompilerThread0" daemon [_thread_in_native, id=8568, stack(0x0000000009c80000,0x0000000009d80000)]
  0x000000000824b000 JavaThread "Attach Listener" daemon [_thread_blocked, id=8032, stack(0x0000000009a60000,0x0000000009b60000)]
  0x0000000008230000 JavaThread "Signal Dispatcher" daemon [_thread_blocked, id=7276, stack(0x00000000097b0000,0x00000000098b0000)]
  0x00000000081d5000 JavaThread "Finalizer" daemon [_thread_blocked, id=9948, stack(0x00000000092d0000,0x00000000093d0000)]
  0x00000000081ce000 JavaThread "Reference Handler" daemon [_thread_blocked, id=2728, stack(0x00000000095b0000,0x00000000096b0000)]
  0x0000000001fe8000 JavaThread "main" [_thread_in_Java, id=8816, stack(0x0000000002350000,0x0000000002450000)]

Other Threads:
  0x00000000081ca800 VMThread [stack: 0x0000000009410000,0x0000000009510000] [id=9432]
  0x0000000009fb4000 WatcherThread [stack: 0x000000000a3c0000,0x000000000a4c0000] [id=2724]

VM state:not at safepoint (normal execution)

VM Mutex/Monitor currently owned by a thread: None

Heap
 PSYoungGen      total 37888K, used 15170K [0x00000000eaa80000, 0x00000000ed480000, 0x0000000100000000)
  eden space 32768K, 30% used [0x00000000eaa80000,0x00000000eb450d90,0x00000000eca80000)
  from space 5120K, 99% used [0x00000000eca80000,0x00000000ecf7fc88,0x00000000ecf80000)
  to   space 5120K, 0% used [0x00000000ecf80000,0x00000000ecf80000,0x00000000ed480000)
 ParOldGen       total 86016K, used 2383K [0x00000000c0000000, 0x00000000c5400000, 0x00000000eaa80000)
  object space 86016K, 2% used [0x00000000c0000000,0x00000000c0253f58,0x00000000c5400000)
 PSPermGen       total 21504K, used 5893K [0x00000000bae00000, 0x00000000bc300000, 0x00000000c0000000)
  object space 21504K, 27% used [0x00000000bae00000,0x00000000bb3c1550,0x00000000bc300000)

Card table byte_map: [0x0000000005450000,0x0000000005680000] byte_map_base: 0x0000000004e79000

Polling page: 0x0000000001c40000

Code Cache  [0x0000000002450000, 0x00000000026c0000, 0x0000000005450000)
 total_blobs=454 nmethods=215 adapters=191 free_code_cache=48301Kb largest_free_block=49432128

Compilation events (10 events):
Event: 4.688 Thread 0x000000000824e000 nmethod 210 0x0000000002528e90 code [0x0000000002528fe0, 0x0000000002529198]
Event: 4.688 Thread 0x000000000824e000  211             com.android.dx.rop.code.PlainInsn::<init> (73 bytes)
Event: 4.690 Thread 0x000000000824e000 nmethod 211 0x0000000002528a90 code [0x0000000002528be0, 0x0000000002528d18]
Event: 4.690 Thread 0x000000000824e000  212             com.android.dx.ssa.SsaBasicBlock::forEachPhiInsn (54 bytes)
Event: 4.697 Thread 0x000000000824e000 nmethod 212 0x0000000002527fd0 code [0x0000000002528160, 0x0000000002528528]
Event: 4.697 Thread 0x000000000824e000  213             java.util.ArrayList::remove (77 bytes)
Event: 4.706 Thread 0x000000000824e000 nmethod 213 0x0000000002527950 code [0x0000000002527aa0, 0x0000000002527e38]
Event: 4.706 Thread 0x000000000824e000  214             com.android.dx.ssa.DeadCodeRemover::pruneDeadInstructions (246 bytes)
Event: 4.728 Thread 0x000000000824e000 nmethod 214 0x0000000002519c50 code [0x0000000002519e80, 0x000000000251a6c0]
Event: 4.728 Thread 0x000000000824e000  215             com.android.dx.ssa.SCCP::run (298 bytes)

GC Heap History (2 events):
Event: 3.243 GC heap before
{Heap before GC invocations=1 (full 0):
 PSYoungGen      total 37888K, used 32768K [0x00000000eaa80000, 0x00000000ed480000, 0x0000000100000000)
  eden space 32768K, 100% used [0x00000000eaa80000,0x00000000eca80000,0x00000000eca80000)
  from space 5120K, 0% used [0x00000000ecf80000,0x00000000ecf80000,0x00000000ed480000)
  to   space 5120K, 0% used [0x00000000eca80000,0x00000000eca80000,0x00000000ecf80000)
 ParOldGen       total 86016K, used 0K [0x00000000c0000000, 0x00000000c5400000, 0x00000000eaa80000)
  object space 86016K, 0% used [0x00000000c0000000,0x00000000c0000000,0x00000000c5400000)
 PSPermGen       total 21504K, used 5860K [0x00000000bae00000, 0x00000000bc300000, 0x00000000c0000000)
  object space 21504K, 27% used [0x00000000bae00000,0x00000000bb3b9238,0x00000000bc300000)
Event: 4.150 GC heap after
Heap after GC invocations=1 (full 0):
 PSYoungGen      total 37888K, used 5119K [0x00000000eaa80000, 0x00000000ed480000, 0x0000000100000000)
  eden space 32768K, 0% used [0x00000000eaa80000,0x00000000eaa80000,0x00000000eca80000)
  from space 5120K, 99% used [0x00000000eca80000,0x00000000ecf7fc88,0x00000000ecf80000)
  to   space 5120K, 0% used [0x00000000ecf80000,0x00000000ecf80000,0x00000000ed480000)
 ParOldGen       total 86016K, used 2383K [0x00000000c0000000, 0x00000000c5400000, 0x00000000eaa80000)
  object space 86016K, 2% used [0x00000000c0000000,0x00000000c0253f58,0x00000000c5400000)
 PSPermGen       total 21504K, used 5860K [0x00000000bae00000, 0x00000000bc300000, 0x00000000c0000000)
  object space 21504K, 27% used [0x00000000bae00000,0x00000000bb3b9238,0x00000000bc300000)
}

Deoptimization events (5 events):
Event: 1.702 Thread 0x000000000a1de000 Uncommon trap: reason=class_check action=maybe_recompile pc=0x00000000024d0cec method=com.android.dx.ssa.NormalSsaInsn.accept(Lcom/android/dx/ssa/SsaInsn$Visitor;)V @ 9
Event: 1.718 Thread 0x000000000a1de000 Uncommon trap: reason=null_check action=make_not_entrant pc=0x00000000024d0e80 method=com.android.dx.rop.code.LocalItem.equals(Ljava/lang/Object;)Z @ 1
Event: 1.757 Thread 0x000000000a1a6800 Uncommon trap: reason=null_check action=make_not_entrant pc=0x00000000024da0c8 method=com.android.dx.ssa.SsaRenamer.getLocalForNewReg(I)Lcom/android/dx/rop/code/LocalItem; @ 19
Event: 2.068 Thread 0x0000000001fe8000 Uncommon trap: reason=unreached action=reinterpret pc=0x00000000024ec744 method=com.android.dx.rop.cst.Constant.compareTo(Lcom/android/dx/rop/cst/Constant;)I @ 12
Event: 4.750 Thread 0x000000000a1a6800 Uncommon trap: reason=unreached action=reinterpret pc=0x00000000025296a0 method=com.android.dx.rop.code.RegisterSpec.intersect(Lcom/android/dx/rop/code/RegisterSpec;Z)Lcom/android/dx/rop/code/RegisterSpec; @ 8

Internal exceptions (10 events):
Event: 0.931 Thread 0x000000000a1a6800 Threw 0x00000000eb6f3f08 at C:\re\jdk7u71\1605\hotspot\src\share\vm\prims\jvm.cpp:1281
Event: 0.935 Thread 0x000000000a1a6800 Threw 0x00000000eb6fe1a8 at C:\re\jdk7u71\1605\hotspot\src\share\vm\prims\jvm.cpp:1281
Event: 0.943 Thread 0x000000000a1a6800 Threw 0x00000000eb7127d8 at C:\re\jdk7u71\1605\hotspot\src\share\vm\prims\jvm.cpp:1281
Event: 1.023 Thread 0x0000000001fe8000 Threw 0x00000000eb5acf10 at C:\re\jdk7u71\1605\hotspot\src\share\vm\prims\jvm.cpp:1281
Event: 1.718 Thread 0x000000000a1de000 Implicit null exception at 0x00000000024d0702 to 0x00000000024d0e65
Event: 1.757 Thread 0x000000000a1a6800 Implicit null exception at 0x00000000024d96d8 to 0x00000000024da0ad
Event: 1.785 Thread 0x0000000001fe8000 Threw 0x00000000ebb063d0 at C:\re\jdk7u71\1605\hotspot\src\share\vm\prims\jvm.cpp:1281
Event: 2.060 Thread 0x0000000001fe8000 Threw 0x00000000ec0fea10 at C:\re\jdk7u71\1605\hotspot\src\share\vm\prims\jvm.cpp:1281
Event: 2.062 Thread 0x0000000001fe8000 Threw 0x00000000ec108620 at C:\re\jdk7u71\1605\hotspot\src\share\vm\prims\jvm.cpp:1281
Event: 2.062 Thread 0x0000000001fe8000 Threw 0x00000000ec10a748 at C:\re\jdk7u71\1605\hotspot\src\share\vm\prims\jvm.cpp:1281

Events (10 events):
Event: 2.068 Thread 0x0000000001fe8000 Uncommon trap: trap_request=0xffffffad fr.pc=0x00000000024ec744
Event: 2.068 Thread 0x0000000001fe8000 DEOPT PACKING pc=0x00000000024ec744 sp=0x000000000244e120
Event: 2.068 Thread 0x0000000001fe8000 DEOPT UNPACKING pc=0x00000000024875a4 sp=0x000000000244e0c0 mode 2
Event: 3.138 Executing VM operation: ParallelGCFailedAllocation
Event: 4.150 Executing VM operation: ParallelGCFailedAllocation done
Event: 4.413 Executing VM operation: EnableBiasedLocking
Event: 4.596 Executing VM operation: EnableBiasedLocking done
Event: 4.750 Thread 0x000000000a1a6800 Uncommon trap: trap_request=0xffffffad fr.pc=0x00000000025296a0
Event: 4.750 Thread 0x000000000a1a6800 DEOPT PACKING pc=0x00000000025296a0 sp=0x0000000009e8ee80
Event: 4.750 Thread 0x000000000a1a6800 DEOPT UNPACKING pc=0x00000000024875a4 sp=0x0000000009e8ed70 mode 2


Dynamic libraries:
0x000000013ffd0000 - 0x0000000140003000 	C:\Program Files\Java\jdk1.7.0_71\bin\java.exe
0x0000000077c60000 - 0x0000000077e09000 	C:\Windows\SYSTEM32\ntdll.dll
0x0000000077900000 - 0x0000000077a20000 	C:\Windows\system32\kernel32.dll
0x000007fefd9c0000 - 0x000007fefda2c000 	C:\Windows\system32\KERNELBASE.dll
0x000007feffd60000 - 0x000007feffe3b000 	C:\Windows\system32\ADVAPI32.dll
0x000007fefe8f0000 - 0x000007fefe98f000 	C:\Windows\system32\msvcrt.dll
0x000007feff960000 - 0x000007feff97f000 	C:\Windows\SYSTEM32\sechost.dll
0x000007feffe40000 - 0x000007fefff6d000 	C:\Windows\system32\RPCRT4.dll
0x0000000077b60000 - 0x0000000077c5a000 	C:\Windows\system32\USER32.dll
0x000007fefe4d0000 - 0x000007fefe537000 	C:\Windows\system32\GDI32.dll
0x000007fefe8e0000 - 0x000007fefe8ee000 	C:\Windows\system32\LPK.dll
0x000007fefe990000 - 0x000007fefea59000 	C:\Windows\system32\USP10.dll
0x000007fefbe60000 - 0x000007fefc054000 	C:\Windows\WinSxS\amd64_microsoft.windows.common-controls_6595b64144ccf1df_6.0.7601.18837_none_fa3b1e3d17594757\COMCTL32.dll
0x000007fefdf10000 - 0x000007fefdf81000 	C:\Windows\system32\SHLWAPI.dll
0x000007fefdcd0000 - 0x000007fefdcfe000 	C:\Windows\system32\IMM32.DLL
0x000007feff850000 - 0x000007feff959000 	C:\Windows\system32\MSCTF.dll
0x000000005fc00000 - 0x000000005fcd2000 	C:\Program Files\Java\jdk1.7.0_71\jre\bin\msvcr100.dll
0x000000005eda0000 - 0x000000005f573000 	C:\Program Files\Java\jdk1.7.0_71\jre\bin\server\jvm.dll
0x000007fef72e0000 - 0x000007fef72e9000 	C:\Windows\system32\WSOCK32.dll
0x000007feffc90000 - 0x000007feffcdd000 	C:\Windows\system32\WS2_32.dll
0x000007fefe8d0000 - 0x000007fefe8d8000 	C:\Windows\system32\NSI.dll
0x000007fefd880000 - 0x000007fefd8bb000 	C:\Windows\system32\WINMM.dll
0x0000000077e30000 - 0x0000000077e37000 	C:\Windows\system32\PSAPI.DLL
0x0000000068ce0000 - 0x0000000068cef000 	C:\Program Files\Java\jdk1.7.0_71\jre\bin\verify.dll
0x0000000068c10000 - 0x0000000068c38000 	C:\Program Files\Java\jdk1.7.0_71\jre\bin\java.dll
0x0000000065770000 - 0x0000000065785000 	C:\Program Files\Java\jdk1.7.0_71\jre\bin\zip.dll
0x0000000065750000 - 0x0000000065769000 	C:\Program Files\Java\jdk1.7.0_71\jre\bin\net.dll
0x000007fefcf70000 - 0x000007fefcfc5000 	C:\Windows\system32\mswsock.dll
0x000007fefcf60000 - 0x000007fefcf67000 	C:\Windows\System32\wship6.dll
0x0000000065730000 - 0x0000000065741000 	C:\Program Files\Java\jdk1.7.0_71\jre\bin\nio.dll

VM Arguments:
jvm_args: -Djava.awt.headless=true -Xmx1024M -Dfile.encoding=GBK -Duser.country=CN -Duser.language=zh -Duser.variant 
java_command: com.android.dx.command.Main --dex --num-threads=4 --output C:\Users\Crystalyn\Desktop\PM25-Simple-Demo\app\build\intermediates\pre-dexed\debug\okhttp-2.5.0_b4a9a90a4c04a74cd5ea8dcf05ce589e27771ad5.jar C:\Users\Crystalyn\.gradle\caches\modules-2\files-2.1\com.squareup.okhttp\okhttp\2.5.0\4de2b4ed3445c37ec1720a7d214712e845a24636\okhttp-2.5.0.jar
Launcher Type: SUN_STANDARD

Environment Variables:
JAVA_HOME=C:\Program Files\Java\jdk1.7.0_71
CLASSPATH=.;C:\Program Files\Java\jdk1.7.0_71\lib\dt.jar;C:\Program Files\Java\jdk1.7.0_71\lib\tools.jar
PATH=C:\Program Files\Common Files\Microsoft Shared\Windows Live;C:\Program Files (x86)\Common Files\Microsoft Shared\Windows Live;c:\Program Files (x86)\AMD APP\bin\x86_64;c:\Program Files (x86)\AMD APP\bin\x86;C:\Program Files (x86)\Intel\iCLS Client\;C:\Program Files\Intel\iCLS Client\;C:\Windows\system32;C:\Windows;C:\Windows\System32\Wbem;C:\Windows\System32\WindowsPowerShell\v1.0\;C:\Program Files\Intel\Intel(R) Management Engine Components\DAL;C:\Program Files\Intel\Intel(R) Management Engine Components\IPT;C:\Program Files (x86)\Intel\Intel(R) Management Engine Components\DAL;C:\Program Files (x86)\Intel\Intel(R) Management Engine Components\IPT;C:\Program Files\Intel\WiFi\bin\;C:\Program Files\Common Files\Intel\WirelessCommon\;c:\Program Files (x86)\ATI Technologies\ATI.ACE\Core-Static;C:\Program Files (x86)\Windows Live\Shared;C:\Program Files (x86)\Microsoft SQL Server\100\Tools\Binn\;C:\Program Files\Microsoft SQL Server\100\Tools\Binn\;C:\Program Files\Microsoft SQL Server\100\DTS\Binn\;C:\Program Files (x86)\Microsoft SQL Server\100\Tools\Binn\VSShell\Common7\IDE\;C:\Program Files (x86)\Microsoft Visual Studio 9.0\Common7\IDE\PrivateAssemblies\;C:\Program Files (x86)\Microsoft SQL Server\100\DTS\Binn\;C:\Program Files (x86)\Microsoft ASP.NET\ASP.NET Web Pages\v1.0\;C:\Program Files (x86)\TortoiseSVN\bin;C:\Program Files\Java\jdk1.7.0_71\bin;C:\Program Files\Java\jdk1.7.0_71\jre7\bin;C:\tomcat\lib;C:\tomcat\bin;C:\Program Files (x86)\Skype\Phone\;C:\HashiCorp\Vagrant\bin;E:\°²×°\node\;C:\Users\Crystalyn\AppData\Roaming\npm
USERNAME=Crystalyn
OS=Windows_NT
PROCESSOR_IDENTIFIER=Intel64 Family 6 Model 58 Stepping 9, GenuineIntel



---------------  S Y S T E M  ---------------

OS: Windows 7 , 64 bit Build 7601 Service Pack 1

CPU:total 4 (2 cores per cpu, 2 threads per core) family 6 model 58 stepping 9, cmov, cx8, fxsr, mmx, sse, sse2, sse3, ssse3, sse4.1, sse4.2, popcnt, avx, aes, erms, ht, tsc, tscinvbit, tscinv

Memory: 4k page, physical 8251856k(2032440k free), swap 8266404k(5372k free)

vm_info: Java HotSpot(TM) 64-Bit Server VM (24.71-b01) for windows-amd64 JRE (1.7.0_71-b14), built on Sep 26 2014 16:16:12 by "java_re" with unknown MS VC++:1600

time: Fri Dec 25 20:19:43 2015
elapsed time: 4 seconds

