#
# There is insufficient memory for the Java Runtime Environment to continue.
# Native memory allocation (malloc) failed to allocate 451856 bytes for Chunk::new
# Possible reasons:
#   The system is out of physical RAM or swap space
#   In 32 bit mode, the process size limit was hit
# Possible solutions:
#   Reduce memory load on the system
#   Increase physical memory or swap space
#   Check if swap backing store is full
#   Use 64 bit Java on a 64 bit OS
#   Decrease Java heap size (-Xmx/-Xms)
#   Decrease number of Java threads
#   Decrease Java thread stack sizes (-Xss)
#   Set larger code cache with -XX:ReservedCodeCacheSize=
# This output file may be truncated or incomplete.
#
#  Out of Memory Error (allocation.cpp:323), pid=8512, tid=4312
#
# JRE version: Java(TM) SE Runtime Environment (7.0_71-b14) (build 1.7.0_71-b14)
# Java VM: Java HotSpot(TM) 64-Bit Server VM (24.71-b01 mixed mode windows-amd64 compressed oops)
# Failed to write core dump. Minidumps are not enabled by default on client versions of Windows
#

---------------  T H R E A D  ---------------

Current thread (0x000000000850c800):  JavaThread "C2 CompilerThread0" daemon [_thread_in_native, id=4312, stack(0x0000000009bb0000,0x0000000009cb0000)]

Stack: [0x0000000009bb0000,0x0000000009cb0000]
[error occurred during error reporting (printing stack bounds), id 0xc0000005]


[error occurred during error reporting (printing native stack), id 0xc0000005]


Current CompileTask:
C2:   4451  173             com.android.dx.ssa.SsaMethod::forEachBlockDepthFirst (194 bytes)


---------------  P R O C E S S  ---------------

Java Threads: ( => current thread )
  0x000000000a32a800 JavaThread "pool-1-thread-4" [_thread_blocked, id=6448, stack(0x0000000009e20000,0x0000000009f20000)]
  0x000000000a32a000 JavaThread "pool-1-thread-3" [_thread_blocked, id=9760, stack(0x000000000aad0000,0x000000000abd0000)]
  0x000000000a32f800 JavaThread "pool-1-thread-2" [_thread_new_trans, id=8404, stack(0x000000000abd0000,0x000000000acd0000)]
  0x000000000a225000 JavaThread "pool-2-thread-1" [_thread_blocked, id=9856, stack(0x000000000a780000,0x000000000a880000)]
  0x000000000a2f2000 JavaThread "pool-1-thread-1" [_thread_in_Java, id=9032, stack(0x000000000a9a0000,0x000000000aaa0000)]
  0x000000000850f000 JavaThread "Service Thread" daemon [_thread_blocked, id=7596, stack(0x000000000a040000,0x000000000a140000)]
  0x000000000850e000 JavaThread "C2 CompilerThread1" daemon [_thread_in_native, id=8472, stack(0x0000000009f40000,0x000000000a040000)]
=>0x000000000850c800 JavaThread "C2 CompilerThread0" daemon [_thread_in_native, id=4312, stack(0x0000000009bb0000,0x0000000009cb0000)]
  0x000000000850b000 JavaThread "Attach Listener" daemon [_thread_blocked, id=7056, stack(0x0000000009d10000,0x0000000009e10000)]
  0x0000000008507000 JavaThread "Signal Dispatcher" daemon [_thread_blocked, id=9488, stack(0x0000000009a60000,0x0000000009b60000)]
  0x0000000008495000 JavaThread "Finalizer" daemon [_thread_blocked, id=1168, stack(0x0000000009930000,0x0000000009a30000)]
  0x000000000848e000 JavaThread "Reference Handler" daemon [_thread_blocked, id=9324, stack(0x0000000009720000,0x0000000009820000)]
  0x0000000002058000 JavaThread "main" [_thread_blocked, id=8760, stack(0x0000000002410000,0x0000000002510000)]

Other Threads:
  0x000000000848a800 VMThread [stack: 0x0000000009540000,0x0000000009640000] [id=10176]
  0x000000000a154000 WatcherThread [stack: 0x000000000a660000,0x000000000a760000] [id=3796]

VM state:not at safepoint (normal execution)

VM Mutex/Monitor currently owned by a thread: None

Heap
 PSYoungGen      total 37888K, used 31773K [0x00000000eaa80000, 0x00000000ed480000, 0x0000000100000000)
  eden space 32768K, 96% used [0x00000000eaa80000,0x00000000ec987710,0x00000000eca80000)
  from space 5120K, 0% used [0x00000000ecf80000,0x00000000ecf80000,0x00000000ed480000)
  to   space 5120K, 0% used [0x00000000eca80000,0x00000000eca80000,0x00000000ecf80000)
 ParOldGen       total 86016K, used 0K [0x00000000c0000000, 0x00000000c5400000, 0x00000000eaa80000)
  object space 86016K, 0% used [0x00000000c0000000,0x00000000c0000000,0x00000000c5400000)
 PSPermGen       total 21504K, used 5811K [0x00000000bae00000, 0x00000000bc300000, 0x00000000c0000000)
  object space 21504K, 27% used [0x00000000bae00000,0x00000000bb3acc10,0x00000000bc300000)

Card table byte_map: [0x0000000005510000,0x0000000005740000] byte_map_base: 0x0000000004f39000

Polling page: 0x0000000000210000

Code Cache  [0x0000000002510000, 0x0000000002780000, 0x0000000005510000)
 total_blobs=413 nmethods=174 adapters=191 free_code_cache=48446Kb largest_free_block=49571776

Compilation events (10 events):
Event: 4.097 Thread 0x000000000850c800 nmethod 171 0x00000000025af390 code [0x00000000025af500, 0x00000000025af7e8]
Event: 4.097 Thread 0x000000000850c800  172             com.android.dx.ssa.SsaMethod::getUseListCopy (56 bytes)
Event: 4.414 Thread 0x000000000850c800 nmethod 172 0x00000000025c1910 code [0x00000000025c1a80, 0x00000000025c1f48]
Event: 4.414 Thread 0x000000000850c800  173             com.android.dx.ssa.SsaMethod::forEachBlockDepthFirst (194 bytes)
Event: 4.416 Thread 0x000000000850e000 nmethod 168 0x00000000025c5390 code [0x00000000025c5660, 0x00000000025c6ec8]
Event: 4.417 Thread 0x000000000850e000  174             com.android.dx.rop.cst.Constant::compareTo (33 bytes)
Event: 4.418 Thread 0x000000000850e000 nmethod 174 0x00000000025c3650 code [0x00000000025c37a0, 0x00000000025c3958]
Event: 4.418 Thread 0x000000000850e000  175   !         com.android.dx.rop.cst.StdConstantPool::getOrNull (13 bytes)
Event: 4.419 Thread 0x000000000850e000 nmethod 175 0x00000000025ad390 code [0x00000000025ad4c0, 0x00000000025ad558]
Event: 4.419 Thread 0x000000000850e000  176             com.android.dx.ssa.SsaRenamer$BlockRenamer::process (191 bytes)

GC Heap History (0 events):
No events

Deoptimization events (7 events):
Event: 3.308 Thread 0x0000000002058000 Uncommon trap: reason=class_check action=maybe_recompile pc=0x000000000258ac34 method=com.android.dx.ssa.NormalSsaInsn.accept(Lcom/android/dx/ssa/SsaInsn$Visitor;)V @ 9
Event: 3.383 Thread 0x0000000002058000 Uncommon trap: reason=class_check action=maybe_recompile pc=0x000000000258ac34 method=com.android.dx.ssa.NormalSsaInsn.accept(Lcom/android/dx/ssa/SsaInsn$Visitor;)V @ 9
Event: 3.455 Thread 0x000000000a2f2000 Uncommon trap: reason=class_check action=maybe_recompile pc=0x000000000258ac34 method=com.android.dx.ssa.NormalSsaInsn.accept(Lcom/android/dx/ssa/SsaInsn$Visitor;)V @ 9
Event: 3.455 Thread 0x000000000a2f2000 Uncommon trap: reason=class_check action=maybe_recompile pc=0x000000000258ac34 method=com.android.dx.ssa.NormalSsaInsn.accept(Lcom/android/dx/ssa/SsaInsn$Visitor;)V @ 9
Event: 3.624 Thread 0x000000000a32a800 Uncommon trap: reason=null_check action=make_not_entrant pc=0x00000000025949f4 method=com.android.dx.rop.code.LocalItem.equals(Ljava/lang/Object;)Z @ 1
Event: 3.749 Thread 0x000000000a32a800 Uncommon trap: reason=unreached action=reinterpret pc=0x000000000259bbc4 method=com.android.dx.rop.cst.Constant.compareTo(Lcom/android/dx/rop/cst/Constant;)I @ 12
Event: 4.265 Thread 0x000000000a32a800 Uncommon trap: reason=null_check action=make_not_entrant pc=0x00000000025ba6d0 method=com.android.dx.rop.type.Type.equals(Ljava/lang/Object;)Z @ 8

Internal exceptions (10 events):
Event: 2.781 Thread 0x000000000a32a000 Threw 0x00000000eb9a01f0 at C:\re\jdk7u71\1605\hotspot\src\share\vm\prims\jvm.cpp:1281
Event: 2.782 Thread 0x000000000a32a000 Threw 0x00000000eb9a45b8 at C:\re\jdk7u71\1605\hotspot\src\share\vm\prims\jvm.cpp:1281
Event: 2.848 Thread 0x000000000a2f2000 Threw 0x00000000eb525898 at C:\re\jdk7u71\1605\hotspot\src\share\vm\prims\jvm.cpp:1281
Event: 3.040 Thread 0x000000000a2f2000 Threw 0x00000000eb544be0 at C:\re\jdk7u71\1605\hotspot\src\share\vm\prims\jvm.cpp:1281
Event: 3.144 Thread 0x000000000a32a800 Threw 0x00000000eb912930 at C:\re\jdk7u71\1605\hotspot\src\share\vm\prims\jvm.cpp:1281
Event: 3.285 Thread 0x0000000002058000 Threw 0x00000000eb70a760 at C:\re\jdk7u71\1605\hotspot\src\share\vm\prims\jvm.cpp:1281
Event: 3.523 Thread 0x000000000a2f2000 Threw 0x00000000ebcd5928 at C:\re\jdk7u71\1605\hotspot\src\share\vm\prims\jvm.cpp:1281
Event: 3.526 Thread 0x0000000002058000 Threw 0x00000000ebbeaaa0 at C:\re\jdk7u71\1605\hotspot\src\share\vm\prims\jvm.cpp:1281
Event: 3.624 Thread 0x000000000a32a800 Implicit null exception at 0x000000000259469b to 0x00000000025949e1
Event: 4.265 Thread 0x000000000a32a800 Implicit null exception at 0x00000000025ba5d2 to 0x00000000025ba6c2

Events (10 events):
Event: 3.749 Thread 0x000000000a32a800 DEOPT UNPACKING pc=0x00000000025475a4 sp=0x0000000009f1e5f0 mode 2
Event: 3.762 loading class 0x00000000020dc530
Event: 3.762 loading class 0x00000000020dc530 done
Event: 3.762 loading class 0x00000000020dc500
Event: 3.762 loading class 0x00000000020dc500 done
Event: 4.265 Thread 0x000000000a32a800 Uncommon trap: trap_request=0xfffffff4 fr.pc=0x00000000025ba6d0
Event: 4.265 Thread 0x000000000a32a800 DEOPT PACKING pc=0x00000000025ba6d0 sp=0x0000000009f1e800
Event: 4.265 Thread 0x000000000a32a800 DEOPT UNPACKING pc=0x00000000025475a4 sp=0x0000000009f1e798 mode 2
Event: 4.301 Executing VM operation: EnableBiasedLocking
Event: 4.301 Executing VM operation: EnableBiasedLocking done


Dynamic libraries:
0x000000013ffd0000 - 0x0000000140003000 	C:\Program Files\Java\jdk1.7.0_71\bin\java.exe
0x0000000077c60000 - 0x0000000077e09000 	C:\Windows\SYSTEM32\ntdll.dll
0x0000000077900000 - 0x0000000077a20000 	C:\Windows\system32\kernel32.dll
0x000007fefd9c0000 - 0x000007fefda2c000 	C:\Windows\system32\KERNELBASE.dll
0x000007feffd60000 - 0x000007feffe3b000 	C:\Windows\system32\ADVAPI32.dll
0x000007fefe8f0000 - 0x000007fefe98f000 	C:\Windows\system32\msvcrt.dll
0x000007feff960000 - 0x000007feff97f000 	C:\Windows\SYSTEM32\sechost.dll
0x000007feffe40000 - 0x000007fefff6d000 	C:\Windows\system32\RPCRT4.dll
0x0000000077b60000 - 0x0000000077c5a000 	C:\Windows\system32\USER32.dll
0x000007fefe4d0000 - 0x000007fefe537000 	C:\Windows\system32\GDI32.dll
0x000007fefe8e0000 - 0x000007fefe8ee000 	C:\Windows\system32\LPK.dll
0x000007fefe990000 - 0x000007fefea59000 	C:\Windows\system32\USP10.dll
0x000007fefbe60000 - 0x000007fefc054000 	C:\Windows\WinSxS\amd64_microsoft.windows.common-controls_6595b64144ccf1df_6.0.7601.18837_none_fa3b1e3d17594757\COMCTL32.dll
0x000007fefdf10000 - 0x000007fefdf81000 	C:\Windows\system32\SHLWAPI.dll
0x000007fefdcd0000 - 0x000007fefdcfe000 	C:\Windows\system32\IMM32.DLL
0x000007feff850000 - 0x000007feff959000 	C:\Windows\system32\MSCTF.dll
0x000000005fc00000 - 0x000000005fcd2000 	C:\Program Files\Java\jdk1.7.0_71\jre\bin\msvcr100.dll
0x000000005eda0000 - 0x000000005f573000 	C:\Program Files\Java\jdk1.7.0_71\jre\bin\server\jvm.dll
0x000007fef72e0000 - 0x000007fef72e9000 	C:\Windows\system32\WSOCK32.dll
0x000007feffc90000 - 0x000007feffcdd000 	C:\Windows\system32\WS2_32.dll
0x000007fefe8d0000 - 0x000007fefe8d8000 	C:\Windows\system32\NSI.dll
0x000007fefd880000 - 0x000007fefd8bb000 	C:\Windows\system32\WINMM.dll
0x0000000077e30000 - 0x0000000077e37000 	C:\Windows\system32\PSAPI.DLL
0x0000000068ce0000 - 0x0000000068cef000 	C:\Program Files\Java\jdk1.7.0_71\jre\bin\verify.dll
0x0000000068c10000 - 0x0000000068c38000 	C:\Program Files\Java\jdk1.7.0_71\jre\bin\java.dll
0x0000000065770000 - 0x0000000065785000 	C:\Program Files\Java\jdk1.7.0_71\jre\bin\zip.dll
0x0000000065750000 - 0x0000000065769000 	C:\Program Files\Java\jdk1.7.0_71\jre\bin\net.dll
0x000007fefcf70000 - 0x000007fefcfc5000 	C:\Windows\system32\mswsock.dll
0x000007fefcf60000 - 0x000007fefcf67000 	C:\Windows\System32\wship6.dll
0x0000000065730000 - 0x0000000065741000 	C:\Program Files\Java\jdk1.7.0_71\jre\bin\nio.dll

VM Arguments:
jvm_args: -Djava.awt.headless=true -Xmx1024M -Dfile.encoding=GBK -Duser.country=CN -Duser.language=zh -Duser.variant 
java_command: com.android.dx.command.Main --dex --num-threads=4 --output C:\Users\Crystalyn\Desktop\PM25-Simple-Demo\app\build\intermediates\pre-dexed\debug\internal_impl-23.1.1_7b042e00cc1ab03f7cbef77cdd41ac9d59c1d369.jar C:\Users\Crystalyn\Desktop\PM25-Simple-Demo\app\build\intermediates\exploded-aar\com.android.support\support-v4\23.1.1\jars\libs\internal_impl-23.1.1.jar
Launcher Type: SUN_STANDARD

Environment Variables:
JAVA_HOME=C:\Program Files\Java\jdk1.7.0_71
CLASSPATH=.;C:\Program Files\Java\jdk1.7.0_71\lib\dt.jar;C:\Program Files\Java\jdk1.7.0_71\lib\tools.jar
PATH=C:\Program Files\Common Files\Microsoft Shared\Windows Live;C:\Program Files (x86)\Common Files\Microsoft Shared\Windows Live;c:\Program Files (x86)\AMD APP\bin\x86_64;c:\Program Files (x86)\AMD APP\bin\x86;C:\Program Files (x86)\Intel\iCLS Client\;C:\Program Files\Intel\iCLS Client\;C:\Windows\system32;C:\Windows;C:\Windows\System32\Wbem;C:\Windows\System32\WindowsPowerShell\v1.0\;C:\Program Files\Intel\Intel(R) Management Engine Components\DAL;C:\Program Files\Intel\Intel(R) Management Engine Components\IPT;C:\Program Files (x86)\Intel\Intel(R) Management Engine Components\DAL;C:\Program Files (x86)\Intel\Intel(R) Management Engine Components\IPT;C:\Program Files\Intel\WiFi\bin\;C:\Program Files\Common Files\Intel\WirelessCommon\;c:\Program Files (x86)\ATI Technologies\ATI.ACE\Core-Static;C:\Program Files (x86)\Windows Live\Shared;C:\Program Files (x86)\Microsoft SQL Server\100\Tools\Binn\;C:\Program Files\Microsoft SQL Server\100\Tools\Binn\;C:\Program Files\Microsoft SQL Server\100\DTS\Binn\;C:\Program Files (x86)\Microsoft SQL Server\100\Tools\Binn\VSShell\Common7\IDE\;C:\Program Files (x86)\Microsoft Visual Studio 9.0\Common7\IDE\PrivateAssemblies\;C:\Program Files (x86)\Microsoft SQL Server\100\DTS\Binn\;C:\Program Files (x86)\Microsoft ASP.NET\ASP.NET Web Pages\v1.0\;C:\Program Files (x86)\TortoiseSVN\bin;C:\Program Files\Java\jdk1.7.0_71\bin;C:\Program Files\Java\jdk1.7.0_71\jre7\bin;C:\tomcat\lib;C:\tomcat\bin;C:\Program Files (x86)\Skype\Phone\;C:\HashiCorp\Vagrant\bin;E:\°²×°\node\;C:\Users\Crystalyn\AppData\Roaming\npm
USERNAME=Crystalyn
OS=Windows_NT
PROCESSOR_IDENTIFIER=Intel64 Family 6 Model 58 Stepping 9, GenuineIntel



---------------  S Y S T E M  ---------------

OS: Windows 7 , 64 bit Build 7601 Service Pack 1

CPU:total 4 (2 cores per cpu, 2 threads per core) family 6 model 58 stepping 9, cmov, cx8, fxsr, mmx, sse, sse2, sse3, ssse3, sse4.1, sse4.2, popcnt, avx, aes, erms, ht, tsc, tscinvbit, tscinv

Memory: 4k page, physical 8251856k(2035248k free), swap 8266404k(5432k free)

vm_info: Java HotSpot(TM) 64-Bit Server VM (24.71-b01) for windows-amd64 JRE (1.7.0_71-b14), built on Sep 26 2014 16:16:12 by "java_re" with unknown MS VC++:1600

time: Fri Dec 25 20:19:42 2015
elapsed time: 4 seconds

