#
# There is insufficient memory for the Java Runtime Environment to continue.
# Native memory allocation (malloc) failed to allocate 881856 bytes for Chunk::new
# Possible reasons:
#   The system is out of physical RAM or swap space
#   In 32 bit mode, the process size limit was hit
# Possible solutions:
#   Reduce memory load on the system
#   Increase physical memory or swap space
#   Check if swap backing store is full
#   Use 64 bit Java on a 64 bit OS
#   Decrease Java heap size (-Xmx/-Xms)
#   Decrease number of Java threads
#   Decrease Java thread stack sizes (-Xss)
#   Set larger code cache with -XX:ReservedCodeCacheSize=
# This output file may be truncated or incomplete.
#
#  Out of Memory Error (allocation.cpp:323), pid=10192, tid=4860
#
# JRE version: Java(TM) SE Runtime Environment (7.0_71-b14) (build 1.7.0_71-b14)
# Java VM: Java HotSpot(TM) 64-Bit Server VM (24.71-b01 mixed mode windows-amd64 compressed oops)
# Failed to write core dump. Minidumps are not enabled by default on client versions of Windows
#

---------------  T H R E A D  ---------------

Current thread (0x0000000009e62000):  JavaThread "C2 CompilerThread1" daemon [_thread_in_native, id=4860, stack(0x0000000009a80000,0x0000000009b80000)]

Stack: [0x0000000009a80000,0x0000000009b80000]
[error occurred during error reporting (printing stack bounds), id 0xc0000005]


[error occurred during error reporting (printing native stack), id 0xc0000005]


Current CompileTask:
C2:   3242  357             com.android.dx.ssa.DeadCodeRemover::run (194 bytes)


---------------  P R O C E S S  ---------------

Java Threads: ( => current thread )
  0x0000000009ff9800 JavaThread "pool-1-thread-4" [_thread_blocked, id=9756, stack(0x000000000ad50000,0x000000000ae50000)]
  0x0000000009fed000 JavaThread "pool-1-thread-3" [_thread_in_Java, id=9080, stack(0x000000000a750000,0x000000000a850000)]
  0x0000000009fcf800 JavaThread "pool-1-thread-2" [_thread_blocked, id=6700, stack(0x000000000aac0000,0x000000000abc0000)]
  0x0000000009fcf000 JavaThread "pool-2-thread-1" [_thread_blocked, id=9828, stack(0x000000000a890000,0x000000000a990000)]
  0x0000000009fa0800 JavaThread "pool-1-thread-1" [_thread_blocked, id=1680, stack(0x000000000a620000,0x000000000a720000)]
  0x0000000009e63000 JavaThread "Service Thread" daemon [_thread_blocked, id=9120, stack(0x000000000a430000,0x000000000a530000)]
=>0x0000000009e62000 JavaThread "C2 CompilerThread1" daemon [_thread_in_native, id=4860, stack(0x0000000009a80000,0x0000000009b80000)]
  0x000000000842c800 JavaThread "C2 CompilerThread0" daemon [_thread_in_native, id=3592, stack(0x0000000009d60000,0x0000000009e60000)]
  0x000000000842a800 JavaThread "Attach Listener" daemon [_thread_blocked, id=8128, stack(0x0000000009b80000,0x0000000009c80000)]
  0x0000000008423000 JavaThread "Signal Dispatcher" daemon [_thread_blocked, id=8364, stack(0x0000000009930000,0x0000000009a30000)]
  0x00000000083b5000 JavaThread "Finalizer" daemon [_thread_blocked, id=7060, stack(0x00000000095b0000,0x00000000096b0000)]
  0x00000000083ae000 JavaThread "Reference Handler" daemon [_thread_blocked, id=1752, stack(0x0000000009750000,0x0000000009850000)]
  0x0000000002048000 JavaThread "main" [_thread_blocked, id=8208, stack(0x00000000023a0000,0x00000000024a0000)]

Other Threads:
  0x00000000083aa800 VMThread [stack: 0x0000000009460000,0x0000000009560000] [id=8584]
  0x0000000009e73800 WatcherThread [stack: 0x000000000a290000,0x000000000a390000] [id=5612]

VM state:not at safepoint (normal execution)

VM Mutex/Monitor currently owned by a thread: None

Heap
 PSYoungGen      total 70656K, used 24605K [0x00000000eaa80000, 0x00000000ef480000, 0x0000000100000000)
  eden space 65536K, 29% used [0x00000000eaa80000,0x00000000ebd8b1e8,0x00000000eea80000)
  from space 5120K, 99% used [0x00000000eef80000,0x00000000ef47c530,0x00000000ef480000)
  to   space 5120K, 0% used [0x00000000eea80000,0x00000000eea80000,0x00000000eef80000)
 ParOldGen       total 86016K, used 5943K [0x00000000c0000000, 0x00000000c5400000, 0x00000000eaa80000)
  object space 86016K, 6% used [0x00000000c0000000,0x00000000c05cdc30,0x00000000c5400000)
 PSPermGen       total 21504K, used 5963K [0x00000000bae00000, 0x00000000bc300000, 0x00000000c0000000)
  object space 21504K, 27% used [0x00000000bae00000,0x00000000bb3d2d48,0x00000000bc300000)

Card table byte_map: [0x00000000054a0000,0x00000000056d0000] byte_map_base: 0x0000000004ec9000

Polling page: 0x0000000001b40000

Code Cache  [0x00000000024a0000, 0x0000000002710000, 0x00000000054a0000)
 total_blobs=597 nmethods=358 adapters=191 free_code_cache=47756Kb largest_free_block=48877056

Compilation events (10 events):
Event: 3.159 Thread 0x0000000009e62000 nmethod 354 0x00000000025ceb10 code [0x00000000025cec80, 0x00000000025cee98]
Event: 3.159 Thread 0x0000000009e62000  355             com.android.dx.rop.code.PlainInsn::getCatches (4 bytes)
Event: 3.160 Thread 0x0000000009e62000 nmethod 355 0x00000000025ef490 code [0x00000000025ef5c0, 0x00000000025ef618]
Event: 3.160 Thread 0x0000000009e62000  356             com.android.dx.cf.code.BaseMachine::getAuxCst (5 bytes)
Event: 3.160 Thread 0x0000000009e62000 nmethod 356 0x00000000025ff850 code [0x00000000025ff980, 0x00000000025ff9d8]
Event: 3.160 Thread 0x0000000009e62000  357             com.android.dx.ssa.DeadCodeRemover::run (194 bytes)
Event: 3.190 Thread 0x000000000842c800 nmethod 344 0x00000000025ffa50 code [0x00000000025ffcc0, 0x00000000026015b0]
Event: 3.190 Thread 0x000000000842c800  358             com.android.dx.cf.code.RopperMachine::jopToRopOpcode (1103 bytes)
Event: 3.210 Thread 0x000000000842c800 nmethod 358 0x00000000025fdbd0 code [0x00000000025fe560, 0x00000000025feee8]
Event: 3.210 Thread 0x000000000842c800  359             com.android.dx.ssa.back.LivenessAnalyzer::coInterferePhis (128 bytes)

GC Heap History (4 events):
Event: 1.656 GC heap before
{Heap before GC invocations=1 (full 0):
 PSYoungGen      total 37888K, used 32768K [0x00000000eaa80000, 0x00000000ed480000, 0x0000000100000000)
  eden space 32768K, 100% used [0x00000000eaa80000,0x00000000eca80000,0x00000000eca80000)
  from space 5120K, 0% used [0x00000000ecf80000,0x00000000ecf80000,0x00000000ed480000)
  to   space 5120K, 0% used [0x00000000eca80000,0x00000000eca80000,0x00000000ecf80000)
 ParOldGen       total 86016K, used 0K [0x00000000c0000000, 0x00000000c5400000, 0x00000000eaa80000)
  object space 86016K, 0% used [0x00000000c0000000,0x00000000c0000000,0x00000000c5400000)
 PSPermGen       total 21504K, used 5870K [0x00000000bae00000, 0x00000000bc300000, 0x00000000c0000000)
  object space 21504K, 27% used [0x00000000bae00000,0x00000000bb3bbb08,0x00000000bc300000)
Event: 1.690 GC heap after
Heap after GC invocations=1 (full 0):
 PSYoungGen      total 37888K, used 5090K [0x00000000eaa80000, 0x00000000ef480000, 0x0000000100000000)
  eden space 32768K, 0% used [0x00000000eaa80000,0x00000000eaa80000,0x00000000eca80000)
  from space 5120K, 99% used [0x00000000eca80000,0x00000000ecf789c8,0x00000000ecf80000)
  to   space 5120K, 0% used [0x00000000eef80000,0x00000000eef80000,0x00000000ef480000)
 ParOldGen       total 86016K, used 1354K [0x00000000c0000000, 0x00000000c5400000, 0x00000000eaa80000)
  object space 86016K, 1% used [0x00000000c0000000,0x00000000c0152810,0x00000000c5400000)
 PSPermGen       total 21504K, used 5870K [0x00000000bae00000, 0x00000000bc300000, 0x00000000c0000000)
  object space 21504K, 27% used [0x00000000bae00000,0x00000000bb3bbb08,0x00000000bc300000)
}
Event: 2.791 GC heap before
{Heap before GC invocations=2 (full 0):
 PSYoungGen      total 37888K, used 37858K [0x00000000eaa80000, 0x00000000ef480000, 0x0000000100000000)
  eden space 32768K, 100% used [0x00000000eaa80000,0x00000000eca80000,0x00000000eca80000)
  from space 5120K, 99% used [0x00000000eca80000,0x00000000ecf789c8,0x00000000ecf80000)
  to   space 5120K, 0% used [0x00000000eef80000,0x00000000eef80000,0x00000000ef480000)
 ParOldGen       total 86016K, used 1354K [0x00000000c0000000, 0x00000000c5400000, 0x00000000eaa80000)
  object space 86016K, 1% used [0x00000000c0000000,0x00000000c0152810,0x00000000c5400000)
 PSPermGen       total 21504K, used 5931K [0x00000000bae00000, 0x00000000bc300000, 0x00000000c0000000)
  object space 21504K, 27% used [0x00000000bae00000,0x00000000bb3caef8,0x00000000bc300000)
Event: 2.862 GC heap after
Heap after GC invocations=2 (full 0):
 PSYoungGen      total 70656K, used 5105K [0x00000000eaa80000, 0x00000000ef480000, 0x0000000100000000)
  eden space 65536K, 0% used [0x00000000eaa80000,0x00000000eaa80000,0x00000000eea80000)
  from space 5120K, 99% used [0x00000000eef80000,0x00000000ef47c530,0x00000000ef480000)
  to   space 5120K, 0% used [0x00000000eea80000,0x00000000eea80000,0x00000000eef80000)
 ParOldGen       total 86016K, used 5943K [0x00000000c0000000, 0x00000000c5400000, 0x00000000eaa80000)
  object space 86016K, 6% used [0x00000000c0000000,0x00000000c05cdc30,0x00000000c5400000)
 PSPermGen       total 21504K, used 5931K [0x00000000bae00000, 0x00000000bc300000, 0x00000000c0000000)
  object space 21504K, 27% used [0x00000000bae00000,0x00000000bb3caef8,0x00000000bc300000)
}

Deoptimization events (10 events):
Event: 1.229 Thread 0x0000000009fcf800 Uncommon trap: reason=class_check action=maybe_recompile pc=0x000000000251bab4 method=com.android.dx.ssa.NormalSsaInsn.accept(Lcom/android/dx/ssa/SsaInsn$Visitor;)V @ 9
Event: 1.241 Thread 0x0000000009fed000 Uncommon trap: reason=null_check action=make_not_entrant pc=0x0000000002525dec method=com.android.dx.rop.code.LocalItem.equals(Ljava/lang/Object;)Z @ 1
Event: 1.371 Thread 0x0000000002048000 Uncommon trap: reason=null_check action=make_not_entrant pc=0x0000000002533a74 method=com.android.dx.ssa.SsaRenamer.getLocalForNewReg(I)Lcom/android/dx/rop/code/LocalItem; @ 19
Event: 1.453 Thread 0x0000000009fed000 Uncommon trap: reason=null_check action=make_not_entrant pc=0x0000000002544384 method=com.android.dx.ssa.SsaRenamer.getLocalForNewReg(I)Lcom/android/dx/rop/code/LocalItem; @ 19
Event: 1.493 Thread 0x0000000009fcf800 Uncommon trap: reason=null_check action=make_not_entrant pc=0x0000000002519690 method=com.android.dx.rop.type.Type.equals(Ljava/lang/Object;)Z @ 8
Event: 2.717 Thread 0x0000000009fed000 Uncommon trap: reason=unreached action=reinterpret pc=0x0000000002536bc4 method=com.android.dx.rop.cst.Constant.compareTo(Lcom/android/dx/rop/cst/Constant;)I @ 12
Event: 2.974 Thread 0x0000000002048000 Uncommon trap: reason=null_check action=make_not_entrant pc=0x00000000025e7f30 method=com.android.dx.rop.type.Type.putIntern(Lcom/android/dx/rop/type/Type;)Lcom/android/dx/rop/type/Type; @ 18
Event: 2.983 Thread 0x0000000009fa0800 Uncommon trap: reason=bimorphic action=maybe_recompile pc=0x00000000025d8ee4 method=com.android.dx.cf.code.BytecodeArray.parseInstruction(ILcom/android/dx/cf/code/BytecodeArray$Visitor;)I @ 2281
Event: 2.984 Thread 0x0000000009fa0800 Uncommon trap: reason=bimorphic action=maybe_recompile pc=0x00000000025d8ee4 method=com.android.dx.cf.code.BytecodeArray.parseInstruction(ILcom/android/dx/cf/code/BytecodeArray$Visitor;)I @ 2281
Event: 3.214 Thread 0x0000000009fa0800 Uncommon trap: reason=unreached action=reinterpret pc=0x00000000025edd5c method=com.android.dx.rop.code.LocalItem.compareHandlesNulls(Lcom/android/dx/rop/cst/CstString;Lcom/android/dx/rop/cst/CstString;)I @ 14

Internal exceptions (10 events):
Event: 1.241 Thread 0x0000000009fed000 Implicit null exception at 0x0000000002525aa8 to 0x0000000002525dd9
Event: 1.371 Thread 0x0000000002048000 Implicit null exception at 0x0000000002532fa0 to 0x0000000002533a59
Event: 1.453 Thread 0x0000000009fed000 Implicit null exception at 0x0000000002542fb2 to 0x000000000254434d
Event: 1.493 Thread 0x0000000009fcf800 Implicit null exception at 0x0000000002519592 to 0x0000000002519682
Event: 1.566 Thread 0x0000000002048000 Threw 0x00000000ec0a4bd0 at C:\re\jdk7u71\1605\hotspot\src\share\vm\prims\jvm.cpp:1281
Event: 2.960 Thread 0x0000000009fa0800 Threw 0x00000000eae7a180 at C:\re\jdk7u71\1605\hotspot\src\share\vm\prims\jvm.cpp:1281
Event: 2.974 Thread 0x0000000002048000 Implicit null exception at 0x00000000025e7837 to 0x00000000025e7f21
Event: 2.983 Thread 0x0000000009fa0800 Threw 0x00000000eaef5c00 at C:\re\jdk7u71\1605\hotspot\src\share\vm\prims\jvm.cpp:1281
Event: 3.092 Thread 0x0000000002048000 Threw 0x00000000eb0e7ca8 at C:\re\jdk7u71\1605\hotspot\src\share\vm\prims\jvm.cpp:1281
Event: 3.214 Thread 0x0000000009fa0800 Implicit null exception at 0x00000000025ed573 to 0x00000000025edd31

Events (10 events):
Event: 2.983 Thread 0x0000000009fa0800 DEOPT PACKING pc=0x00000000025d8ee4 sp=0x000000000a71e6f0
Event: 2.983 Thread 0x0000000009fa0800 DEOPT UNPACKING pc=0x00000000024d75a4 sp=0x000000000a71e690 mode 2
Event: 2.984 Thread 0x0000000009fa0800 Uncommon trap: trap_request=0xffffffc6 fr.pc=0x00000000025d8ee4
Event: 2.984 Thread 0x0000000009fa0800 DEOPT PACKING pc=0x00000000025d8ee4 sp=0x000000000a71e760
Event: 2.984 Thread 0x0000000009fa0800 DEOPT UNPACKING pc=0x00000000024d75a4 sp=0x000000000a71e700 mode 2
Event: 3.091 loading class 0x000000000a0a16b0
Event: 3.091 loading class 0x000000000a0a16b0 done
Event: 3.214 Thread 0x0000000009fa0800 Uncommon trap: trap_request=0xffffffad fr.pc=0x00000000025edd5c
Event: 3.214 Thread 0x0000000009fa0800 DEOPT PACKING pc=0x00000000025edd5c sp=0x000000000a71e790
Event: 3.214 Thread 0x0000000009fa0800 DEOPT UNPACKING pc=0x00000000024d75a4 sp=0x000000000a71e538 mode 2


Dynamic libraries:
0x000000013ffd0000 - 0x0000000140003000 	C:\Program Files\Java\jdk1.7.0_71\bin\java.exe
0x0000000077c60000 - 0x0000000077e09000 	C:\Windows\SYSTEM32\ntdll.dll
0x0000000077900000 - 0x0000000077a20000 	C:\Windows\system32\kernel32.dll
0x000007fefd9c0000 - 0x000007fefda2c000 	C:\Windows\system32\KERNELBASE.dll
0x000007feffd60000 - 0x000007feffe3b000 	C:\Windows\system32\ADVAPI32.dll
0x000007fefe8f0000 - 0x000007fefe98f000 	C:\Windows\system32\msvcrt.dll
0x000007feff960000 - 0x000007feff97f000 	C:\Windows\SYSTEM32\sechost.dll
0x000007feffe40000 - 0x000007fefff6d000 	C:\Windows\system32\RPCRT4.dll
0x0000000077b60000 - 0x0000000077c5a000 	C:\Windows\system32\USER32.dll
0x000007fefe4d0000 - 0x000007fefe537000 	C:\Windows\system32\GDI32.dll
0x000007fefe8e0000 - 0x000007fefe8ee000 	C:\Windows\system32\LPK.dll
0x000007fefe990000 - 0x000007fefea59000 	C:\Windows\system32\USP10.dll
0x000007fefbe60000 - 0x000007fefc054000 	C:\Windows\WinSxS\amd64_microsoft.windows.common-controls_6595b64144ccf1df_6.0.7601.18837_none_fa3b1e3d17594757\COMCTL32.dll
0x000007fefdf10000 - 0x000007fefdf81000 	C:\Windows\system32\SHLWAPI.dll
0x000007fefdcd0000 - 0x000007fefdcfe000 	C:\Windows\system32\IMM32.DLL
0x000007feff850000 - 0x000007feff959000 	C:\Windows\system32\MSCTF.dll
0x000000005fc00000 - 0x000000005fcd2000 	C:\Program Files\Java\jdk1.7.0_71\jre\bin\msvcr100.dll
0x000000005eda0000 - 0x000000005f573000 	C:\Program Files\Java\jdk1.7.0_71\jre\bin\server\jvm.dll
0x000007fef72e0000 - 0x000007fef72e9000 	C:\Windows\system32\WSOCK32.dll
0x000007feffc90000 - 0x000007feffcdd000 	C:\Windows\system32\WS2_32.dll
0x000007fefe8d0000 - 0x000007fefe8d8000 	C:\Windows\system32\NSI.dll
0x000007fefd880000 - 0x000007fefd8bb000 	C:\Windows\system32\WINMM.dll
0x0000000077e30000 - 0x0000000077e37000 	C:\Windows\system32\PSAPI.DLL
0x0000000068ce0000 - 0x0000000068cef000 	C:\Program Files\Java\jdk1.7.0_71\jre\bin\verify.dll
0x0000000068c10000 - 0x0000000068c38000 	C:\Program Files\Java\jdk1.7.0_71\jre\bin\java.dll
0x0000000065770000 - 0x0000000065785000 	C:\Program Files\Java\jdk1.7.0_71\jre\bin\zip.dll
0x0000000065750000 - 0x0000000065769000 	C:\Program Files\Java\jdk1.7.0_71\jre\bin\net.dll
0x000007fefcf70000 - 0x000007fefcfc5000 	C:\Windows\system32\mswsock.dll
0x000007fefcf60000 - 0x000007fefcf67000 	C:\Windows\System32\wship6.dll
0x0000000065730000 - 0x0000000065741000 	C:\Program Files\Java\jdk1.7.0_71\jre\bin\nio.dll

VM Arguments:
jvm_args: -Djava.awt.headless=true -Xmx1024M -Dfile.encoding=GBK -Duser.country=CN -Duser.language=zh -Duser.variant 
java_command: com.android.dx.command.Main --dex --num-threads=4 --output C:\Users\Crystalyn\Desktop\PM25-Simple-Demo\app\build\intermediates\pre-dexed\debug\gson-2.3.1_763be35a487db7eee90b6811deeb2cd68f2e1b4c.jar C:\Users\Crystalyn\.gradle\caches\modules-2\files-2.1\com.google.code.gson\gson\2.3.1\ecb6e1f8e4b0e84c4b886c2f14a1500caf309757\gson-2.3.1.jar
Launcher Type: SUN_STANDARD

Environment Variables:
JAVA_HOME=C:\Program Files\Java\jdk1.7.0_71
CLASSPATH=.;C:\Program Files\Java\jdk1.7.0_71\lib\dt.jar;C:\Program Files\Java\jdk1.7.0_71\lib\tools.jar
PATH=C:\Program Files\Common Files\Microsoft Shared\Windows Live;C:\Program Files (x86)\Common Files\Microsoft Shared\Windows Live;c:\Program Files (x86)\AMD APP\bin\x86_64;c:\Program Files (x86)\AMD APP\bin\x86;C:\Program Files (x86)\Intel\iCLS Client\;C:\Program Files\Intel\iCLS Client\;C:\Windows\system32;C:\Windows;C:\Windows\System32\Wbem;C:\Windows\System32\WindowsPowerShell\v1.0\;C:\Program Files\Intel\Intel(R) Management Engine Components\DAL;C:\Program Files\Intel\Intel(R) Management Engine Components\IPT;C:\Program Files (x86)\Intel\Intel(R) Management Engine Components\DAL;C:\Program Files (x86)\Intel\Intel(R) Management Engine Components\IPT;C:\Program Files\Intel\WiFi\bin\;C:\Program Files\Common Files\Intel\WirelessCommon\;c:\Program Files (x86)\ATI Technologies\ATI.ACE\Core-Static;C:\Program Files (x86)\Windows Live\Shared;C:\Program Files (x86)\Microsoft SQL Server\100\Tools\Binn\;C:\Program Files\Microsoft SQL Server\100\Tools\Binn\;C:\Program Files\Microsoft SQL Server\100\DTS\Binn\;C:\Program Files (x86)\Microsoft SQL Server\100\Tools\Binn\VSShell\Common7\IDE\;C:\Program Files (x86)\Microsoft Visual Studio 9.0\Common7\IDE\PrivateAssemblies\;C:\Program Files (x86)\Microsoft SQL Server\100\DTS\Binn\;C:\Program Files (x86)\Microsoft ASP.NET\ASP.NET Web Pages\v1.0\;C:\Program Files (x86)\TortoiseSVN\bin;C:\Program Files\Java\jdk1.7.0_71\bin;C:\Program Files\Java\jdk1.7.0_71\jre7\bin;C:\tomcat\lib;C:\tomcat\bin;C:\Program Files (x86)\Skype\Phone\;C:\HashiCorp\Vagrant\bin;E:\°²×°\node\;C:\Users\Crystalyn\AppData\Roaming\npm
USERNAME=Crystalyn
OS=Windows_NT
PROCESSOR_IDENTIFIER=Intel64 Family 6 Model 58 Stepping 9, GenuineIntel



---------------  S Y S T E M  ---------------

OS: Windows 7 , 64 bit Build 7601 Service Pack 1

CPU:total 4 (2 cores per cpu, 2 threads per core) family 6 model 58 stepping 9, cmov, cx8, fxsr, mmx, sse, sse2, sse3, ssse3, sse4.1, sse4.2, popcnt, avx, aes, erms, ht, tsc, tscinvbit, tscinv

Memory: 4k page, physical 8251856k(2095188k free), swap 8266404k(5752k free)

vm_info: Java HotSpot(TM) 64-Bit Server VM (24.71-b01) for windows-amd64 JRE (1.7.0_71-b14), built on Sep 26 2014 16:16:12 by "java_re" with unknown MS VC++:1600

time: Fri Dec 25 20:19:36 2015
elapsed time: 3 seconds

